<?xml version="1.0" encoding="UTF-8"?>
<testsuite xmlns:xsi="http://www.w3.org/2001/XMLSchema-instance" xsi:noNamespaceSchemaLocation="https://maven.apache.org/surefire/maven-surefire-plugin/xsd/surefire-test-report.xsd" version="3.0.2" name="com.onlinejudge.assessmentservice.LabWorkflowContractTest" time="1.324" tests="27" errors="0" skipped="4" failures="0">
  <properties>
[...]
</properties>
  <testcase name="manualLabSubmissionIsRecordedWithoutCreatingAnEvaluationTask" classname="com.onlinejudge.assessmentservice.LabWorkflowContractTest" time="0.129">
    <system-out><![CDATA[2026-09-03T03:56:24.562Z  INFO 5473 --- [assessment-service] [           main] t.c.s.AnnotationConfigContextLoaderUtils : Could not detect default configuration classes for test class [com.onlinejudge.assessmentservice.LabWorkflowContractTest]: LabWorkflowContractTest does not declare any static, non-private, non-final, nested classes annotated with @Configuration.
2026-09-03T03:56:24.565Z  INFO 5473 --- [assessment-service] [           main] .b.t.c.SpringBootTestContextBootstrapper : Found @SpringBootConfiguration com.onlinejudge.assessmentservice.AssessmentServiceApplication for test class com.onlinejudge.assessmentservice.LabWorkflowContractTest

  .   ____          _            __ _ _
 /\\ / ___'_ __ _ _(_)_ __  __ _ \ \ \ \
( ( )\___ | '_ | '_| | '_ \/ _` | \ \ \ \
 \\/  ___)| |_)| | | | | || (_| |  ) ) ) )
  '  |____| .__|_| |_|_| |_\__, | / / / /
 =========|_|==============|___/=/_/_/_/

 :: Spring Boot ::                (v3.4.5)

2026-09-03T03:56:24.728Z  INFO 5473 --- [assessment-service] [           main] c.o.a.LabWorkflowContractTest            : Starting LabWorkflowContractTest using Java 21.0.12.1 with PID 5473 (started by runner in /home/runner/work/OnlineJudge/OnlineJudge/services/assessment)
2026-09-03T03:56:24.728Z  INFO 5473 --- [assessment-service] [           main] c.o.a.LabWorkflowContractTest            : No active profile set, falling back to 1 default profile: "default"
2026-09-03T03:56:24.970Z  INFO 5473 --- [assessment-service] [           main] com.zaxxer.hikari.HikariDataSource       : HikariPool-11 - Starting...
2026-09-03T03:56:24.972Z  INFO 5473 --- [assessment-service] [           main] com.zaxxer.hikari.pool.HikariPool        : HikariPool-11 - Added connection conn97: url=jdbc:h2:mem:assessment_service user=SA
2026-09-03T03:56:24.972Z  INFO 5473 --- [assessment-service] [           main] com.zaxxer.hikari.HikariDataSource       : HikariPool-11 - Start completed.
2026-09-03T03:56:25.077Z  INFO 5473 --- [assessment-service] [           main] o.s.b.t.m.w.SpringBootMockServletContext : Initializing Spring TestDispatcherServlet ''
2026-09-03T03:56:25.077Z  INFO 5473 --- [assessment-service] [           main] o.s.t.web.servlet.TestDispatcherServlet  : Initializing Servlet ''
2026-09-03T03:56:25.079Z  INFO 5473 --- [assessment-service] [           main] o.s.b.a.e.web.EndpointLinksResolver      : Exposing 2 endpoints beneath base path '/actuator'
2026-09-03T03:56:25.082Z  INFO 5473 --- [assessment-service] [           main] o.s.t.web.servlet.TestDispatcherServlet  : Completed initialization in 5 ms
2026-09-03T03:56:25.092Z  INFO 5473 --- [assessment-service] [           main] c.o.a.LabWorkflowContractTest            : Started LabWorkflowContractTest in 0.379 seconds (process running for 10.774)
]]></system-out>
  </testcase>
  <testcase name="teacherCanReplayFailedLabSubmissionThroughLabEndpoint" classname="com.onlinejudge.assessmentservice.LabWorkflowContractTest" time="0.033">
    <system-out><![CDATA[2026-09-03T03:56:25.248Z  INFO 5473 --- [assessment-service] [           main] c.o.a.worker.AssessmentWorker            : assessment_worker_terminal taskId=55e2e6be-8cfe-475d-9029-25867be0f010 submissionId=18733e08-a9b8-4599-af57-4ece8ebac6c6 sourceType=LAB taskState=RETRY_WAIT evaluationStatus=SANDBOX_ERROR score=0
2026-09-03T03:56:25.251Z  INFO 5473 --- [assessment-service] [           main] c.o.a.worker.AssessmentWorker            : assessment_worker_terminal taskId=55e2e6be-8cfe-475d-9029-25867be0f010 submissionId=18733e08-a9b8-4599-af57-4ece8ebac6c6 sourceType=LAB taskState=RETRY_WAIT evaluationStatus=SANDBOX_ERROR score=0
2026-09-03T03:56:25.253Z  INFO 5473 --- [assessment-service] [           main] c.o.a.worker.AssessmentWorker            : assessment_worker_terminal taskId=55e2e6be-8cfe-475d-9029-25867be0f010 submissionId=18733e08-a9b8-4599-af57-4ece8ebac6c6 sourceType=LAB taskState=FAILED evaluationStatus=SANDBOX_ERROR score=0
]]></system-out>
  </testcase>
  <testcase name="workerExecutesPersistedLabCodeAgainstTestcasesAndStoresCaseResults" classname="com.onlinejudge.assessmentservice.LabWorkflowContractTest" time="0.0">
    <skipped message="System property [assessment.docker-sandbox.test] does not exist"/>
  </testcase>
  <testcase name="automaticLabEvaluationExecutesJavaAndCppSubmissions" classname="com.onlinejudge.assessmentservice.LabWorkflowContractTest" time="0.0">
    <skipped message="System property [assessment.docker-sandbox.test] does not exist"/>
  </testcase>
  <testcase name="teacherCanCreateAndPublishALabBeforeStudentsCanSubmit" classname="com.onlinejudge.assessmentservice.LabWorkflowContractTest" time="0.02"/>
  <testcase name="releasedTeacherFinalScoreSurvivesReplayOfLaterSubmission" classname="com.onlinejudge.assessmentservice.LabWorkflowContractTest" time="0.051">
    <system-out><![CDATA[2026-09-03T03:56:25.302Z  INFO 5473 --- [assessment-service] [           main] c.o.a.worker.AssessmentWorker            : assessment_worker_terminal taskId=d573b167-8128-4b23-8fd3-fe9432d43d0e submissionId=56492df4-e6b1-4eea-91cf-77645a6a7379 sourceType=LAB taskState=SUCCEEDED evaluationStatus=ACCEPTED score=30
2026-09-03T03:56:25.314Z  INFO 5473 --- [assessment-service] [           main] c.o.a.worker.AssessmentWorker            : assessment_worker_terminal taskId=8ea79b2b-b785-484e-a7a7-139d38661f65 submissionId=7fa077f9-3fb0-4760-b40f-b0ec525f98de sourceType=LAB taskState=RETRY_WAIT evaluationStatus=SANDBOX_ERROR score=0
2026-09-03T03:56:25.316Z  INFO 5473 --- [assessment-service] [           main] c.o.a.worker.AssessmentWorker            : assessment_worker_terminal taskId=8ea79b2b-b785-484e-a7a7-139d38661f65 submissionId=7fa077f9-3fb0-4760-b40f-b0ec525f98de sourceType=LAB taskState=RETRY_WAIT evaluationStatus=SANDBOX_ERROR score=0
2026-09-03T03:56:25.319Z  INFO 5473 --- [assessment-service] [           main] c.o.a.worker.AssessmentWorker            : assessment_worker_terminal taskId=8ea79b2b-b785-484e-a7a7-139d38661f65 submissionId=7fa077f9-3fb0-4760-b40f-b0ec525f98de sourceType=LAB taskState=FAILED evaluationStatus=SANDBOX_ERROR score=0
2026-09-03T03:56:25.331Z  INFO 5473 --- [assessment-service] [           main] c.o.a.worker.AssessmentWorker            : assessment_worker_terminal taskId=8ea79b2b-b785-484e-a7a7-139d38661f65 submissionId=7fa077f9-3fb0-4760-b40f-b0ec525f98de sourceType=LAB taskState=SUCCEEDED evaluationStatus=ACCEPTED score=20
]]></system-out>
  </testcase>
  <testcase name="scoreReleaseProjectsAnUngradedFactForAnUnscoredManualSubmission" classname="com.onlinejudge.assessmentservice.LabWorkflowContractTest" time="0.024"/>
  <testcase name="sandboxUsesEachLabTimeLimitInsteadOfGlobalTimeout" classname="com.onlinejudge.assessmentservice.LabWorkflowContractTest" time="0.0">
    <skipped message="System property [assessment.docker-sandbox.test] does not exist"/>
  </testcase>
  <testcase name="completedLabTaskPublishesVersionedSourceGradeAndStudentCanReadThePassiveResult" classname="com.onlinejudge.assessmentservice.LabWorkflowContractTest" time="0.031">
    <system-out><![CDATA[2026-09-03T03:56:25.376Z  INFO 5473 --- [assessment-service] [           main] c.o.a.worker.AssessmentWorker            : assessment_worker_terminal taskId=a5b900d9-18d5-48c7-bd74-5d07803e69ae submissionId=9b1f54e7-57de-4ab5-9bf1-d5ab69a0516d sourceType=LAB taskState=SUCCEEDED evaluationStatus=ACCEPTED score=80
]]></system-out>
  </testcase>
  <testcase name="teacherCanManageLabLifecycleAndReadSubmissionHistory" classname="com.onlinejudge.assessmentservice.LabWorkflowContractTest" time="0.038"/>
  <testcase name="hiddenLabTestcasesAreOmittedFromStudentDetail" classname="com.onlinejudge.assessmentservice.LabWorkflowContractTest" time="0.014"/>
  <testcase name="teacherCanDeleteOnlyDraftLab" classname="com.onlinejudge.assessmentservice.LabWorkflowContractTest" time="0.01"/>
  <testcase name="studentCanSubmitOnlineCodeWithoutUploadingAFile" classname="com.onlinejudge.assessmentservice.LabWorkflowContractTest" time="0.018"/>
  <testcase name="studentResultRedactsScoresBeforeReleaseAndRejectsRemovedMember" classname="com.onlinejudge.assessmentservice.LabWorkflowContractTest" time="0.028"/>
  <testcase name="submissionHistoryIsScopedToStudentAndTeacherCanReadAllVersions" classname="com.onlinejudge.assessmentservice.LabWorkflowContractTest" time="0.031">
    <system-out><![CDATA[2026-09-03T03:56:25.518Z  INFO 5473 --- [assessment-service] [           main] c.o.a.worker.AssessmentWorker            : assessment_worker_terminal taskId=959ce7a3-8a6f-4751-b71f-55548ab9b1f2 submissionId=acf8b415-d2c8-4d9b-a8c6-beb61e703f93 sourceType=LAB taskState=SUCCEEDED evaluationStatus=ACCEPTED score=67
]]></system-out>
  </testcase>
  <testcase name="globalTeacherWhoCannotManageThisCourseCannotCreateLabs" classname="com.onlinejudge.assessmentservice.LabWorkflowContractTest" time="0.006"/>
  <testcase name="sourceFileMetadataAndDownloadAreTeacherOnly" classname="com.onlinejudge.assessmentservice.LabWorkflowContractTest" time="0.024"/>
  <testcase name="studentUploadsALabReportLinkedToTheirSubmission" classname="com.onlinejudge.assessmentservice.LabWorkflowContractTest" time="0.032"/>
  <testcase name="workerKeepsHomeworkEvaluationOnTheSharedDockerSandboxPath" classname="com.onlinejudge.assessmentservice.LabWorkflowContractTest" time="0.0">
    <skipped message="System property [assessment.docker-sandbox.test] does not exist"/>
  </testcase>
  <testcase name="courseAuthorizationOutageReturnsRetryableServiceUnavailable" classname="com.onlinejudge.assessmentservice.LabWorkflowContractTest" time="0.008"/>
  <testcase name="releasedTeacherFinalScoreSurvivesEvaluationReplay" classname="com.onlinejudge.assessmentservice.LabWorkflowContractTest" time="0.037">
    <system-out><![CDATA[2026-09-03T03:56:25.619Z  INFO 5473 --- [assessment-service] [           main] c.o.a.worker.AssessmentWorker            : assessment_worker_terminal taskId=71e54bcc-d7e8-439a-a018-ac9d76731c33 submissionId=f3e01071-a286-4e6a-9286-2416f2fe4a24 sourceType=LAB taskState=RETRY_WAIT evaluationStatus=SANDBOX_ERROR score=0
2026-09-03T03:56:25.625Z  INFO 5473 --- [assessment-service] [           main] c.o.a.worker.AssessmentWorker            : assessment_worker_terminal taskId=71e54bcc-d7e8-439a-a018-ac9d76731c33 submissionId=f3e01071-a286-4e6a-9286-2416f2fe4a24 sourceType=LAB taskState=RETRY_WAIT evaluationStatus=SANDBOX_ERROR score=0
2026-09-03T03:56:25.627Z  INFO 5473 --- [assessment-service] [           main] c.o.a.worker.AssessmentWorker            : assessment_worker_terminal taskId=71e54bcc-d7e8-439a-a018-ac9d76731c33 submissionId=f3e01071-a286-4e6a-9286-2416f2fe4a24 sourceType=LAB taskState=FAILED evaluationStatus=SANDBOX_ERROR score=0
2026-09-03T03:56:25.640Z  INFO 5473 --- [assessment-service] [           main] c.o.a.worker.AssessmentWorker            : assessment_worker_terminal taskId=71e54bcc-d7e8-439a-a018-ac9d76731c33 submissionId=f3e01071-a286-4e6a-9286-2416f2fe4a24 sourceType=LAB taskState=SUCCEEDED evaluationStatus=ACCEPTED score=20
]]></system-out>
  </testcase>
  <testcase name="studentResultRetainsPublicFeedbackBeforeScoreRelease" classname="com.onlinejudge.assessmentservice.LabWorkflowContractTest" time="0.039">
    <system-out><![CDATA[2026-09-03T03:56:25.671Z  INFO 5473 --- [assessment-service] [           main] c.o.a.worker.AssessmentWorker            : assessment_worker_terminal taskId=92776ba1-c325-4e96-8dd0-47da60beeb28 submissionId=a1d2bf59-a765-4c73-9351-4f5d58c3d987 sourceType=LAB taskState=SUCCEEDED evaluationStatus=ACCEPTED score=100
]]></system-out>
  </testcase>
  <testcase name="automaticLabRequiresPositiveTestcasesWhoseWeightsMatchMaximum" classname="com.onlinejudge.assessmentservice.LabWorkflowContractTest" time="0.013"/>
  <testcase name="teacherCanCreateLabWithDocumentedStringLanguageAndMetadataFields" classname="com.onlinejudge.assessmentservice.LabWorkflowContractTest" time="0.008"/>
  <testcase name="releasePrefersTeacherFinalScoreOverNewerAutomaticSubmission" classname="com.onlinejudge.assessmentservice.LabWorkflowContractTest" time="0.076">
    <system-out><![CDATA[2026-09-03T03:56:25.741Z  INFO 5473 --- [assessment-service] [           main] c.o.a.worker.AssessmentWorker            : assessment_worker_terminal taskId=ddbed43d-17b1-40c9-9192-8b11b4fc24df submissionId=69946da4-2200-48fc-9572-14dcbb31c829 sourceType=LAB taskState=SUCCEEDED evaluationStatus=ACCEPTED score=30
2026-09-03T03:56:25.743Z  INFO 5473 --- [assessment-service] [           main] c.o.a.worker.AssessmentWorker            : assessment_worker_terminal taskId=6d8a3976-a79a-4adb-a1fb-2ee057bb2e3e submissionId=7f4e06ea-41ef-4f9d-aa1c-97c57f43180a sourceType=LAB taskState=SUCCEEDED evaluationStatus=ACCEPTED score=20
]]></system-out>
  </testcase>
  <testcase name="teacherScorePersistsFinalScoreAndPublishesSourceGrade" classname="com.onlinejudge.assessmentservice.LabWorkflowContractTest" time="0.086"/>
  <testcase name="studentSubmissionCreatesANewLabVersionAndSharedDurableTask" classname="com.onlinejudge.assessmentservice.LabWorkflowContractTest" time="0.016"/>
</testsuite>