<?xml version="1.0" encoding="UTF-8"?>
<testsuite xmlns:xsi="http://www.w3.org/2001/XMLSchema-instance" xsi:noNamespaceSchemaLocation="https://maven.apache.org/surefire/maven-surefire-plugin/xsd/surefire-test-report.xsd" version="3.0.2" name="com.onlinejudge.assessmentservice.HomeworkWorkflowContractTest" time="1.084" tests="27" errors="0" skipped="0" failures="0">
  <properties>
[...]
</properties>
  <testcase name="courseProjectionGapFallsBackToCourseAuthorizationAndWritesNothingWhenDenied" classname="com.onlinejudge.assessmentservice.HomeworkWorkflowContractTest" time="0.059">
    <system-out><![CDATA[2026-09-03T03:56:25.953Z  INFO 5473 --- [assessment-service] [           main] t.c.s.AnnotationConfigContextLoaderUtils : Could not detect default configuration classes for test class [com.onlinejudge.assessmentservice.HomeworkWorkflowContractTest]: HomeworkWorkflowContractTest does not declare any static, non-private, non-final, nested classes annotated with @Configuration.
2026-09-03T03:56:25.955Z  INFO 5473 --- [assessment-service] [           main] .b.t.c.SpringBootTestContextBootstrapper : Found @SpringBootConfiguration com.onlinejudge.assessmentservice.AssessmentServiceApplication for test class com.onlinejudge.assessmentservice.HomeworkWorkflowContractTest

  .   ____          _            __ _ _
 /\\ / ___'_ __ _ _(_)_ __  __ _ \ \ \ \
( ( )\___ | '_ | '_| | '_ \/ _` | \ \ \ \
 \\/  ___)| |_)| | | | | || (_| |  ) ) ) )
  '  |____| .__|_| |_|_| |_\__, | / / / /
 =========|_|==============|___/=/_/_/_/

 :: Spring Boot ::                (v3.4.5)

2026-09-03T03:56:26.134Z  INFO 5473 --- [assessment-service] [           main] c.o.a.HomeworkWorkflowContractTest       : Starting HomeworkWorkflowContractTest using Java 21.0.12.1 with PID 5473 (started by runner in /home/runner/work/OnlineJudge/OnlineJudge/services/assessment)
2026-09-03T03:56:26.134Z  INFO 5473 --- [assessment-service] [           main] c.o.a.HomeworkWorkflowContractTest       : No active profile set, falling back to 1 default profile: "default"
2026-09-03T03:56:26.244Z  INFO 5473 --- [assessment-service] [           main] com.zaxxer.hikari.HikariDataSource       : HikariPool-12 - Starting...
2026-09-03T03:56:26.245Z  INFO 5473 --- [assessment-service] [           main] com.zaxxer.hikari.pool.HikariPool        : HikariPool-12 - Added connection conn107: url=jdbc:h2:mem:assessment_service user=SA
2026-09-03T03:56:26.245Z  INFO 5473 --- [assessment-service] [           main] com.zaxxer.hikari.HikariDataSource       : HikariPool-12 - Start completed.
2026-09-03T03:56:26.329Z  INFO 5473 --- [assessment-service] [           main] o.s.b.t.m.w.SpringBootMockServletContext : Initializing Spring TestDispatcherServlet ''
2026-09-03T03:56:26.329Z  INFO 5473 --- [assessment-service] [           main] o.s.t.web.servlet.TestDispatcherServlet  : Initializing Servlet ''
2026-09-03T03:56:26.330Z  INFO 5473 --- [assessment-service] [           main] o.s.b.a.e.web.EndpointLinksResolver      : Exposing 2 endpoints beneath base path '/actuator'
2026-09-03T03:56:26.332Z  INFO 5473 --- [assessment-service] [           main] o.s.t.web.servlet.TestDispatcherServlet  : Completed initialization in 3 ms
2026-09-03T03:56:26.339Z  INFO 5473 --- [assessment-service] [           main] c.o.a.HomeworkWorkflowContractTest       : Started HomeworkWorkflowContractTest in 0.217 seconds (process running for 12.02)
]]></system-out>
  </testcase>
  <testcase name="reevaluationBeforeScorePublicationDoesNotExposeASourceGrade" classname="com.onlinejudge.assessmentservice.HomeworkWorkflowContractTest" time="0.041">
    <system-out><![CDATA[2026-09-03T03:56:26.417Z  INFO 5473 --- [assessment-service] [           main] c.o.a.controller.HomeworkController      : homework_submission_queued publicSubmissionId=4 submissionId=46ca5e29-08ad-4996-a329-a3fdd37a4d1a taskId=c1b6c9fe-7851-4d10-99d5-343d782aee62
2026-09-03T03:56:26.421Z  INFO 5473 --- [assessment-service] [           main] c.o.a.worker.AssessmentWorker            : assessment_worker_terminal taskId=c1b6c9fe-7851-4d10-99d5-343d782aee62 submissionId=46ca5e29-08ad-4996-a329-a3fdd37a4d1a sourceType=HWK taskState=SUCCEEDED evaluationStatus=ACCEPTED score=88
2026-09-03T03:56:26.435Z  INFO 5473 --- [assessment-service] [           main] c.o.a.worker.AssessmentWorker            : assessment_worker_terminal taskId=c1b6c9fe-7851-4d10-99d5-343d782aee62 submissionId=46ca5e29-08ad-4996-a329-a3fdd37a4d1a sourceType=HWK taskState=FAILED evaluationStatus=COMPILE_ERROR score=0
]]></system-out>
  </testcase>
  <testcase name="deadlineAndCourseMembershipRejectionsCreateExactlyNoSubmissionFacts" classname="com.onlinejudge.assessmentservice.HomeworkWorkflowContractTest" time="0.019"/>
  <testcase name="workerCompletionDefersHomeworkSourceGradeUntilTeacherPublishesScores" classname="com.onlinejudge.assessmentservice.HomeworkWorkflowContractTest" time="0.031">
    <system-out><![CDATA[2026-09-03T03:56:26.478Z  INFO 5473 --- [assessment-service] [           main] c.o.a.controller.HomeworkController      : homework_submission_queued publicSubmissionId=5 submissionId=d225ff5e-08ff-4908-bacc-d71d8a59867b taskId=455fe753-011d-4d8b-89f9-de084c204629
2026-09-03T03:56:26.482Z  INFO 5473 --- [assessment-service] [           main] c.o.a.worker.AssessmentWorker            : assessment_worker_terminal taskId=455fe753-011d-4d8b-89f9-de084c204629 submissionId=d225ff5e-08ff-4908-bacc-d71d8a59867b sourceType=HWK taskState=SUCCEEDED evaluationStatus=ACCEPTED score=80
]]></system-out>
  </testcase>
  <testcase name="homeworkTablesRejectOrphanTestcasesAndBusinessSubmissions" classname="com.onlinejudge.assessmentservice.HomeworkWorkflowContractTest" time="0.009"/>
  <testcase name="scorePublicationRejectsPendingFinalSubmissionUntilItsWorkerCompletes" classname="com.onlinejudge.assessmentservice.HomeworkWorkflowContractTest" time="0.033">
    <system-out><![CDATA[2026-09-03T03:56:26.526Z  INFO 5473 --- [assessment-service] [           main] c.o.a.controller.HomeworkController      : homework_submission_queued publicSubmissionId=7 submissionId=b1316e93-d406-4c52-85d6-11838fae27c3 taskId=2ddb0883-ba83-462f-b395-2260c2d69de3
2026-09-03T03:56:26.533Z  INFO 5473 --- [assessment-service] [           main] c.o.a.worker.AssessmentWorker            : assessment_worker_terminal taskId=2ddb0883-ba83-462f-b395-2260c2d69de3 submissionId=b1316e93-d406-4c52-85d6-11838fae27c3 sourceType=HWK taskState=SUCCEEDED evaluationStatus=ACCEPTED score=86
]]></system-out>
  </testcase>
  <testcase name="textHomeworkCompletesManualReviewAndScorePublicationWithoutCreatingACodeTask" classname="com.onlinejudge.assessmentservice.HomeworkWorkflowContractTest" time="0.035"/>
  <testcase name="fileHomeworkRejectsDisguisedPdfThenBindsTheStudentOwnedTextAttachment" classname="com.onlinejudge.assessmentservice.HomeworkWorkflowContractTest" time="0.02"/>
  <testcase name="objectiveHomeworkPreservesTheTeacherKeyAndScoresTheStudentAnswerWithoutLeakingIt" classname="com.onlinejudge.assessmentservice.HomeworkWorkflowContractTest" time="0.02"/>
  <testcase name="managerWriteRejectionsUseTheCanonicalErrorEnvelope" classname="com.onlinejudge.assessmentservice.HomeworkWorkflowContractTest" time="0.012"/>
  <testcase name="localOutboxWriteFailureRollsPublicationBackAndReturnsHwk5003" classname="com.onlinejudge.assessmentservice.HomeworkWorkflowContractTest" time="0.011"/>
  <testcase name="teacherPublishesHomeworkAndCommitsCanonicalOutboxInTheSameLocalTransaction" classname="com.onlinejudge.assessmentservice.HomeworkWorkflowContractTest" time="0.01"/>
  <testcase name="ownerCanReadOwnEvaluationWhenCourseAuthorizationIsUnavailable" classname="com.onlinejudge.assessmentservice.HomeworkWorkflowContractTest" time="0.02">
    <system-out><![CDATA[2026-09-03T03:56:26.662Z  INFO 5473 --- [assessment-service] [           main] c.o.a.controller.HomeworkController      : homework_submission_queued publicSubmissionId=11 submissionId=47bb157f-ee01-4428-aa41-84ec8971e885 taskId=4eac11f5-1ba3-4b27-ad8a-b8b4ae40c198
2026-09-03T03:56:26.666Z  INFO 5473 --- [assessment-service] [           main] c.o.a.worker.AssessmentWorker            : assessment_worker_terminal taskId=4eac11f5-1ba3-4b27-ad8a-b8b4ae40c198 submissionId=47bb157f-ee01-4428-aa41-84ec8971e885 sourceType=HWK taskState=SUCCEEDED evaluationStatus=ACCEPTED score=80
]]></system-out>
  </testcase>
  <testcase name="studentSubmissionPersistsHomeworkVersionAndDurableTaskInOneTransaction" classname="com.onlinejudge.assessmentservice.HomeworkWorkflowContractTest" time="0.014">
    <system-out><![CDATA[2026-09-03T03:56:26.681Z  INFO 5473 --- [assessment-service] [           main] c.o.a.controller.HomeworkController      : homework_submission_queued publicSubmissionId=12 submissionId=5a2c9375-68b0-4eee-9c94-a6b713b3d891 taskId=1a845998-1d42-4d87-98cc-0faa66821718
]]></system-out>
  </testcase>
  <testcase name="reevaluationAppendsAnImmutableEvaluationRecordAndARejudgeAuditEntry" classname="com.onlinejudge.assessmentservice.HomeworkWorkflowContractTest" time="0.022">
    <system-out><![CDATA[2026-09-03T03:56:26.696Z  INFO 5473 --- [assessment-service] [           main] c.o.a.controller.HomeworkController      : homework_submission_queued publicSubmissionId=13 submissionId=db9a914b-a7b3-4bf8-a9fe-2c29d3240515 taskId=7811716f-5f4b-4d91-8cb9-06fbd821d257
2026-09-03T03:56:26.700Z  INFO 5473 --- [assessment-service] [           main] c.o.a.worker.AssessmentWorker            : assessment_worker_terminal taskId=7811716f-5f4b-4d91-8cb9-06fbd821d257 submissionId=db9a914b-a7b3-4bf8-a9fe-2c29d3240515 sourceType=HWK taskState=SUCCEEDED evaluationStatus=ACCEPTED score=95
]]></system-out>
  </testcase>
  <testcase name="courseManagerWhoOwnsTheSubmissionCanSeeItsUnpublishedEvaluation" classname="com.onlinejudge.assessmentservice.HomeworkWorkflowContractTest" time="0.021">
    <system-out><![CDATA[2026-09-03T03:56:26.721Z  INFO 5473 --- [assessment-service] [           main] c.o.a.controller.HomeworkController      : homework_submission_queued publicSubmissionId=14 submissionId=2ecb9ef3-33fb-4c7c-abdc-9c5610068c3e taskId=f0884cb6-0a82-49ff-bd39-798656b93828
2026-09-03T03:56:26.724Z  INFO 5473 --- [assessment-service] [           main] c.o.a.worker.AssessmentWorker            : assessment_worker_terminal taskId=f0884cb6-0a82-49ff-bd39-798656b93828 submissionId=2ecb9ef3-33fb-4c7c-abdc-9c5610068c3e sourceType=HWK taskState=SUCCEEDED evaluationStatus=ACCEPTED score=80
]]></system-out>
  </testcase>
  <testcase name="historicalHomeworkTasksCannotChangeTheCurrentSubmissionSourceGrade" classname="com.onlinejudge.assessmentservice.HomeworkWorkflowContractTest" time="0.032">
    <system-out><![CDATA[2026-09-03T03:56:26.743Z  INFO 5473 --- [assessment-service] [           main] c.o.a.controller.HomeworkController      : homework_submission_queued publicSubmissionId=15 submissionId=e1c99285-1a34-4249-9620-24af6b56f84c taskId=6076551a-3adf-44c2-ab3d-de0cbde5ebd2
2026-09-03T03:56:26.747Z  INFO 5473 --- [assessment-service] [           main] c.o.a.worker.AssessmentWorker            : assessment_worker_terminal taskId=6076551a-3adf-44c2-ab3d-de0cbde5ebd2 submissionId=e1c99285-1a34-4249-9620-24af6b56f84c sourceType=HWK taskState=SUCCEEDED evaluationStatus=ACCEPTED score=80
2026-09-03T03:56:26.749Z  INFO 5473 --- [assessment-service] [           main] c.o.a.controller.HomeworkController      : homework_submission_queued publicSubmissionId=16 submissionId=7faade83-d65e-4f37-9399-9063f6acf347 taskId=553999b8-c710-4b29-8785-1342ef8fba42
2026-09-03T03:56:26.753Z  INFO 5473 --- [assessment-service] [           main] c.o.a.worker.AssessmentWorker            : assessment_worker_terminal taskId=553999b8-c710-4b29-8785-1342ef8fba42 submissionId=7faade83-d65e-4f37-9399-9063f6acf347 sourceType=HWK taskState=SUCCEEDED evaluationStatus=ACCEPTED score=90
]]></system-out>
  </testcase>
  <testcase name="authorizedTeacherCanReplayOnlyATerminalFailedHomeworkEvaluation" classname="com.onlinejudge.assessmentservice.HomeworkWorkflowContractTest" time="0.026">
    <system-out><![CDATA[2026-09-03T03:56:26.776Z  INFO 5473 --- [assessment-service] [           main] c.o.a.controller.HomeworkController      : homework_submission_queued publicSubmissionId=17 submissionId=09d5af68-95fe-4f0f-b2a3-b3f207cb163b taskId=50ee3e93-ccce-4b43-9948-be495a286271
2026-09-03T03:56:26.780Z  INFO 5473 --- [assessment-service] [           main] c.o.a.worker.AssessmentWorker            : assessment_worker_terminal taskId=50ee3e93-ccce-4b43-9948-be495a286271 submissionId=09d5af68-95fe-4f0f-b2a3-b3f207cb163b sourceType=HWK taskState=FAILED evaluationStatus=SANDBOX_UNCONFIGURED score=0
]]></system-out>
  </testcase>
  <testcase name="frontendCodeTextSubmissionNeedsNoRequestIdAndReceivesTheStandardSuccessEnvelope" classname="com.onlinejudge.assessmentservice.HomeworkWorkflowContractTest" time="0.016">
    <system-out><![CDATA[2026-09-03T03:56:26.800Z  INFO 5473 --- [assessment-service] [           main] c.o.a.controller.HomeworkController      : homework_submission_queued publicSubmissionId=18 submissionId=32d8868e-bb3b-4ed5-9500-53aa088442ac taskId=2da81374-596b-4aa6-993b-09969f0f11eb
]]></system-out>
  </testcase>
  <testcase name="homeworkStatisticsDenyStudentsWithFrozenCodeAndAggregateTheActiveRosterForManagers" classname="com.onlinejudge.assessmentservice.HomeworkWorkflowContractTest" time="0.067"/>
  <testcase name="publishedHomeworkRejectsCurrentSubmissionReevaluationWithoutRevokingItsGrade" classname="com.onlinejudge.assessmentservice.HomeworkWorkflowContractTest" time="0.026">
    <system-out><![CDATA[2026-09-03T03:56:26.889Z  INFO 5473 --- [assessment-service] [           main] c.o.a.controller.HomeworkController      : homework_submission_queued publicSubmissionId=20 submissionId=0e71acb3-27cd-45e5-91cd-ec66b888bce2 taskId=cd0e0ad5-11a9-4610-bda0-56f88f669f86
2026-09-03T03:56:26.893Z  INFO 5473 --- [assessment-service] [           main] c.o.a.worker.AssessmentWorker            : assessment_worker_terminal taskId=cd0e0ad5-11a9-4610-bda0-56f88f669f86 submissionId=0e71acb3-27cd-45e5-91cd-ec66b888bce2 sourceType=HWK taskState=SUCCEEDED evaluationStatus=ACCEPTED score=91
]]></system-out>
  </testcase>
  <testcase name="homeworkReevaluationEndpointRejectsLabTask" classname="com.onlinejudge.assessmentservice.HomeworkWorkflowContractTest" time="0.011">
    <system-out><![CDATA[2026-09-03T03:56:26.908Z  INFO 5473 --- [assessment-service] [           main] c.o.a.worker.AssessmentWorker            : assessment_worker_terminal taskId=9fade2a3-fd84-40b1-a8b8-b721c26604e2 submissionId=167e5e69-26c7-4836-b9f8-96288e83f0a6 sourceType=LAB taskState=FAILED evaluationStatus=SANDBOX_UNCONFIGURED score=0
]]></system-out>
  </testcase>
  <testcase name="authorizedTeacherCanReplaySuccessfulHomeworkEvaluation(String)[1]" classname="com.onlinejudge.assessmentservice.HomeworkWorkflowContractTest" time="0.029">
    <system-out><![CDATA[2026-09-03T03:56:26.959Z  INFO 5473 --- [assessment-service] [           main] c.o.a.controller.HomeworkController      : homework_submission_queued publicSubmissionId=21 submissionId=24afedbd-f4ba-4ce2-b758-67b339871810 taskId=6c3bbb98-01b8-418d-8564-b31d45f88067
2026-09-03T03:56:26.962Z  INFO 5473 --- [assessment-service] [           main] c.o.a.worker.AssessmentWorker            : assessment_worker_terminal taskId=6c3bbb98-01b8-418d-8564-b31d45f88067 submissionId=24afedbd-f4ba-4ce2-b758-67b339871810 sourceType=HWK taskState=SUCCEEDED evaluationStatus=ACCEPTED score=100
]]></system-out>
  </testcase>
  <testcase name="authorizedTeacherCanReplaySuccessfulHomeworkEvaluation(String)[2]" classname="com.onlinejudge.assessmentservice.HomeworkWorkflowContractTest" time="0.024">
    <system-out><![CDATA[2026-09-03T03:56:26.987Z  INFO 5473 --- [assessment-service] [           main] c.o.a.controller.HomeworkController      : homework_submission_queued publicSubmissionId=22 submissionId=1ca45ec4-8a94-4315-93de-83050f382ad7 taskId=6dbd1ab2-9850-47ac-8c4b-84143713f98b
2026-09-03T03:56:26.990Z  INFO 5473 --- [assessment-service] [           main] c.o.a.worker.AssessmentWorker            : assessment_worker_terminal taskId=6dbd1ab2-9850-47ac-8c4b-84143713f98b submissionId=1ca45ec4-8a94-4315-93de-83050f382ad7 sourceType=HWK taskState=SUCCEEDED evaluationStatus=WRONG_ANSWER score=0
]]></system-out>
  </testcase>
  <testcase name="codeHomeworkAcceptsTheFrontendLanguageAndTestcasePayload" classname="com.onlinejudge.assessmentservice.HomeworkWorkflowContractTest" time="0.015">
    <system-out><![CDATA[2026-09-03T03:56:27.010Z  INFO 5473 --- [assessment-service] [           main] c.o.a.controller.HomeworkController      : homework_submission_queued publicSubmissionId=23 submissionId=b60975e7-0300-46fe-8897-3d0f4fbef353 taskId=776abf36-8e22-4942-937f-eaff38c3e653
]]></system-out>
  </testcase>
  <testcase name="gatewayCompactRequestIdIsCanonicalizedForHomeworkOutboxCorrelation" classname="com.onlinejudge.assessmentservice.HomeworkWorkflowContractTest" time="0.01"/>
  <testcase name="unavailableCourseAuthorizationReturns503AndWritesNoBusinessFacts" classname="com.onlinejudge.assessmentservice.HomeworkWorkflowContractTest" time="0.013"/>
</testsuite>