<?xml version="1.0" encoding="UTF-8"?>
<testsuite xmlns:xsi="http://www.w3.org/2001/XMLSchema-instance" xsi:noNamespaceSchemaLocation="https://maven.apache.org/surefire/maven-surefire-plugin/xsd/surefire-test-report.xsd" version="3.0.2" name="com.onlinejudge.crs.service.CourseMembershipRabbitMySqlLiveTest" time="0.004" tests="3" errors="0" skipped="3" failures="0">
  <properties/>
  <testcase name="publishedCourseSnapshotMustBeReissuedWhenLearningRestoresAnEmptyProjection" classname="com.onlinejudge.crs.service.CourseMembershipRabbitMySqlLiveTest" time="0.0">
    <skipped message="Environment variable [ONLINEJUDGE_LIVE_COURSE_ROSTER] does not exist"/>
  </testcase>
  <testcase name="courseOutboxRoutesAnAtomicRosterThroughRabbitAndReleasesTheOriginalDeferredHomeworkOnce" classname="com.onlinejudge.crs.service.CourseMembershipRabbitMySqlLiveTest" time="0.0">
    <skipped message="Environment variable [ONLINEJUDGE_LIVE_COURSE_ROSTER] does not exist"/>
  </testcase>
  <testcase name="preexistingCourseWithoutHistoricalOutboxMustBootstrapItsRosterWithoutLearningCallingBack" classname="com.onlinejudge.crs.service.CourseMembershipRabbitMySqlLiveTest" time="0.0">
    <skipped message="Environment variable [ONLINEJUDGE_LIVE_COURSE_ROSTER] does not exist"/>
  </testcase>
</testsuite>